<?xml version="1.0" encoding="UTF-8"?>
<!-- Generated by org.testng.reporters.JUnitReportReporter -->
<testsuite skipped="0" hostname="DESKTOP-6040QQH" name="testcases.TC001_LoginPage" tests="1" failures="0" timestamp="2020-02-08T14:37:07 IST" time="5.548" errors="0">
  <testcase name="ACMETest" time="5.548" classname="testcases.TC001_LoginPage"/>
</testsuite> <!-- testcases.TC001_LoginPage -->
